<?xml version="1.0" encoding="UTF-8"?>
<!-- Generated by org.testng.reporters.JUnitXMLReporter -->
<testsuite hostname="PC-21930" ignored="0" name="Free CRM App Test Cases " tests="8" failures="0" timestamp="2020-12-04T12:35:21 WEST" time="108.305" errors="0">
  <testcase name="loginPageTitleTest" time="0.206" classname="com.crm.qa.testcases.LoginPageTest"/>
  <testcase name="crmLogoImageTest" time="0.134" classname="com.crm.qa.testcases.LoginPageTest"/>
  <testcase name="loginInTest" time="3.827" classname="com.crm.qa.testcases.LoginPageTest"/>
  <testcase name="loginTest" time="3.345" classname="com.crm.qa.testcases.LoginPageTest"/>
  <testcase name="homePageTitleTest" time="0.042" classname="com.crm.qa.testcases.HomePageTest"/>
  <testcase name="verifUserNameTest" time="1.09" classname="com.crm.qa.testcases.HomePageTest"/>
  <testcase name="verifContactslinkTest" time="3.626" classname="com.crm.qa.testcases.HomePageTest"/>
  <testcase name="createNewContactsTest" time="4.074" classname="com.crm.qa.testcases.ContactPageTest"/>
</testsuite> <!-- Free CRM App Test Cases  -->
