<?xml version="1.0" encoding="UTF-8"?>
<!-- Generated by org.testng.reporters.JUnitXMLReporter -->
<testsuite hostname="PC-21930" ignored="0" name="Default test" tests="3" failures="0" timestamp="2021-08-18T17:43:16 WEST" time="58.291" errors="0">
  <testcase name="homePageTitleTest" time="0.014" classname="com.crm.qa.testcases.HomePageTest"/>
  <testcase name="verifUserNameTest" time="1.912" classname="com.crm.qa.testcases.HomePageTest"/>
  <testcase name="verifContactslinkTest" time="3.847" classname="com.crm.qa.testcases.HomePageTest"/>
</testsuite> <!-- Default test -->
