<?xml version="1.0" encoding="UTF-8" ?>
<testsuite tests="8" failures="1" name="TestSuite" time="38.237" errors="0" skipped="0">
  <properties>
[...]
</properties>
  <testcase classname="com.crm.qa.testcases.ContactPageTest" name="createNewContactsTest" time="22.715">
    <failure message="no such element: Unable to locate element: {&quot;method&quot;:&quot;css selector&quot;,&quot;selector&quot;:&quot;*[name=&apos;first_name&apos;]&quot;}
  (Session info: chrome=86.0.4240.198)
For documentation on this error, please visit: https://www.seleniumhq.org/exceptions/no_such_element.html
Build info: version: &apos;3.141.59&apos;, revision: &apos;e82be7d358&apos;, time: &apos;2018-11-14T08:17:03&apos;
System info: host: &apos;PC-21930&apos;, ip: &apos;172.31.37.31&apos;, os.name: &apos;Windows 10&apos;, os.arch: &apos;amd64&apos;, os.version: &apos;10.0&apos;, java.version: &apos;1.8.0_271&apos;
Driver info: org.openqa.selenium.chrome.ChromeDriver
Capabilities {acceptInsecureCerts: false, browserName: chrome, browserVersion: 86.0.4240.198, chrome: {chromedriverVersion: 85.0.4183.87 (cd6713ebf92fa..., userDataDir: C:\Users\MEHDIG~1\AppData\L...}, goog:chromeOptions: {debuggerAddress: localhost:51458}, javascriptEnabled: true, networkConnectionEnabled: false, pageLoadStrategy: normal, platform: WINDOWS, platformName: WINDOWS, proxy: Proxy(), setWindowRect: true, strictFileInteractability: false, timeouts: {implicit: 0, pageLoad: 300000, script: 30000}, unhandledPromptBehavior: dismiss and notify, webauthn:virtualAuthenticators: true}
Session ID: b2d8356874239a6b0c39806a1dd0fab7
*** Element info: {Using=name, value=first_name}" type="org.openqa.selenium.NoSuchElementException">org.openqa.selenium.NoSuchElementException: no such element: Unable to locate element: {&quot;method&quot;:&quot;css selector&quot;,&quot;selector&quot;:&quot;*[name=&apos;first_name&apos;]&quot;}
  (Session info: chrome=86.0.4240.198)
For documentation on this error, please visit: https://www.seleniumhq.org/exceptions/no_such_element.html
Build info: version: &apos;3.141.59&apos;, revision: &apos;e82be7d358&apos;, time: &apos;2018-11-14T08:17:03&apos;
System info: host: &apos;PC-21930&apos;, ip: &apos;172.31.37.31&apos;, os.name: &apos;Windows 10&apos;, os.arch: &apos;amd64&apos;, os.version: &apos;10.0&apos;, java.version: &apos;1.8.0_271&apos;
Driver info: org.openqa.selenium.chrome.ChromeDriver
Capabilities {acceptInsecureCerts: false, browserName: chrome, browserVersion: 86.0.4240.198, chrome: {chromedriverVersion: 85.0.4183.87 (cd6713ebf92fa..., userDataDir: C:\Users\MEHDIG~1\AppData\L...}, goog:chromeOptions: {debuggerAddress: localhost:51458}, javascriptEnabled: true, networkConnectionEnabled: false, pageLoadStrategy: normal, platform: WINDOWS, platformName: WINDOWS, proxy: Proxy(), setWindowRect: true, strictFileInteractability: false, timeouts: {implicit: 0, pageLoad: 300000, script: 30000}, unhandledPromptBehavior: dismiss and notify, webauthn:virtualAuthenticators: true}
Session ID: b2d8356874239a6b0c39806a1dd0fab7
*** Element info: {Using=name, value=first_name}
	at sun.reflect.NativeConstructorAccessorImpl.newInstance0(Native Method)
	at sun.reflect.NativeConstructorAccessorImpl.newInstance(NativeConstructorAccessorImpl.java:62)
	at sun.reflect.DelegatingConstructorAccessorImpl.newInstance(DelegatingConstructorAccessorImpl.java:45)
	at java.lang.reflect.Constructor.newInstance(Constructor.java:423)
	at org.openqa.selenium.remote.http.W3CHttpResponseCodec.createException(W3CHttpResponseCodec.java:187)
	at org.openqa.selenium.remote.http.W3CHttpResponseCodec.decode(W3CHttpResponseCodec.java:122)
	at org.openqa.selenium.remote.http.W3CHttpResponseCodec.decode(W3CHttpResponseCodec.java:49)
	at org.openqa.selenium.remote.HttpCommandExecutor.execute(HttpCommandExecutor.java:158)
	at org.openqa.selenium.remote.service.DriverCommandExecutor.execute(DriverCommandExecutor.java:83)
	at org.openqa.selenium.remote.RemoteWebDriver.execute(RemoteWebDriver.java:552)
	at org.openqa.selenium.remote.RemoteWebDriver.findElement(RemoteWebDriver.java:323)
	at org.openqa.selenium.remote.RemoteWebDriver.findElementByName(RemoteWebDriver.java:404)
	at org.openqa.selenium.By$ByName.findElement(By.java:284)
	at org.openqa.selenium.remote.RemoteWebDriver.findElement(RemoteWebDriver.java:315)
	at sun.reflect.NativeMethodAccessorImpl.invoke0(Native Method)
	at sun.reflect.NativeMethodAccessorImpl.invoke(NativeMethodAccessorImpl.java:62)
	at sun.reflect.DelegatingMethodAccessorImpl.invoke(DelegatingMethodAccessorImpl.java:43)
	at java.lang.reflect.Method.invoke(Method.java:498)
	at org.openqa.selenium.support.events.EventFiringWebDriver.lambda$new$1(EventFiringWebDriver.java:105)
	at com.sun.proxy.$Proxy6.findElement(Unknown Source)
	at org.openqa.selenium.support.events.EventFiringWebDriver.findElement(EventFiringWebDriver.java:194)
	at org.openqa.selenium.support.pagefactory.DefaultElementLocator.findElement(DefaultElementLocator.java:69)
	at org.openqa.selenium.support.pagefactory.internal.LocatingElementHandler.invoke(LocatingElementHandler.java:38)
	at com.sun.proxy.$Proxy10.sendKeys(Unknown Source)
	at com.crm.qa.pages.ContactsPage.createNewContact(ContactsPage.java:78)
	at com.crm.qa.testcases.ContactPageTest.createNewContactsTest(ContactPageTest.java:76)
</failure>
    <system-out>Configuring TestNG with: org.apache.maven.surefire.testng.conf.TestNG652Configurator@46f5f779
Before navigating to: &apos;https://freecrm.com/&apos;
Navigated to:&apos;https://freecrm.com/&apos;
Trying to find Element By : By.xpath: //span[contains(.,&apos;Log In&apos;)]
Found Element By : By.xpath: //span[contains(.,&apos;Log In&apos;)]
Trying to click on: [[ChromeDriver: chrome on WINDOWS (b2d8356874239a6b0c39806a1dd0fab7)] -&gt; xpath: //span[contains(.,&apos;Log In&apos;)]]
Clicked on: [[ChromeDriver: chrome on WINDOWS (b2d8356874239a6b0c39806a1dd0fab7)] -&gt; xpath: //span[contains(.,&apos;Log In&apos;)]]
Trying to find Element By : By.name: email
Found Element By : By.name: email
Trying to find Element By : By.name: password
Found Element By : By.name: password
Trying to find Element By : By.xpath: (//div[contains(.,&apos;Login&apos;)])[5]
Found Element By : By.xpath: (//div[contains(.,&apos;Login&apos;)])[5]
Trying to click on: [[ChromeDriver: chrome on WINDOWS (b2d8356874239a6b0c39806a1dd0fab7)] -&gt; xpath: (//div[contains(.,&apos;Login&apos;)])[5]]
Clicked on: [[ChromeDriver: chrome on WINDOWS (b2d8356874239a6b0c39806a1dd0fab7)] -&gt; xpath: (//div[contains(.,&apos;Login&apos;)])[5]]
Trying to find Element By : By.xpath: //span[contains(.,&apos;Contacts&apos;)]
Found Element By : By.xpath: //span[contains(.,&apos;Contacts&apos;)]
Trying to click on: [[ChromeDriver: chrome on WINDOWS (b2d8356874239a6b0c39806a1dd0fab7)] -&gt; xpath: //span[contains(.,&apos;Contacts&apos;)]]
Clicked on: [[ChromeDriver: chrome on WINDOWS (b2d8356874239a6b0c39806a1dd0fab7)] -&gt; xpath: //span[contains(.,&apos;Contacts&apos;)]]
Trying to find Element By : By.xpath: //button[contains(.,&apos;New&apos;)]
Found Element By : By.xpath: //button[contains(.,&apos;New&apos;)]
Trying to click on: [[ChromeDriver: chrome on WINDOWS (b2d8356874239a6b0c39806a1dd0fab7)] -&gt; xpath: //button[contains(.,&apos;New&apos;)]]
Clicked on: [[ChromeDriver: chrome on WINDOWS (b2d8356874239a6b0c39806a1dd0fab7)] -&gt; xpath: //button[contains(.,&apos;New&apos;)]]
Trying to find Element By : By.name: first_name
Exception occured: org.openqa.selenium.NoSuchElementException: no such element: Unable to locate element: {&quot;method&quot;:&quot;css selector&quot;,&quot;selector&quot;:&quot;*[name=&apos;first_name&apos;]&quot;}
  (Session info: chrome=86.0.4240.198)
For documentation on this error, please visit: https://www.seleniumhq.org/exceptions/no_such_element.html
Build info: version: &apos;3.141.59&apos;, revision: &apos;e82be7d358&apos;, time: &apos;2018-11-14T08:17:03&apos;
System info: host: &apos;PC-21930&apos;, ip: &apos;172.31.37.31&apos;, os.name: &apos;Windows 10&apos;, os.arch: &apos;amd64&apos;, os.version: &apos;10.0&apos;, java.version: &apos;1.8.0_271&apos;
Driver info: org.openqa.selenium.chrome.ChromeDriver
Capabilities {acceptInsecureCerts: false, browserName: chrome, browserVersion: 86.0.4240.198, chrome: {chromedriverVersion: 85.0.4183.87 (cd6713ebf92fa..., userDataDir: C:\Users\MEHDIG~1\AppData\L...}, goog:chromeOptions: {debuggerAddress: localhost:51458}, javascriptEnabled: true, networkConnectionEnabled: false, pageLoadStrategy: normal, platform: WINDOWS, platformName: WINDOWS, proxy: Proxy(), setWindowRect: true, strictFileInteractability: false, timeouts: {implicit: 0, pageLoad: 300000, script: 30000}, unhandledPromptBehavior: dismiss and notify, webauthn:virtualAuthenticators: true}
Session ID: b2d8356874239a6b0c39806a1dd0fab7
*** Element info: {Using=name, value=first_name}
</system-out>
    <system-err>Starting ChromeDriver 85.0.4183.87 (cd6713ebf92fa1cacc0f1a598df280093af0c5d7-refs/branch-heads/4183@{#1689}) on port 6643
Only local connections are allowed.
Please see https://chromedriver.chromium.org/security-considerations for suggestions on keeping ChromeDriver safe.
ChromeDriver was started successfully.
[1607341934.633][WARNING]: This version of ChromeDriver has not been tested with Chrome version 86.
déc. 07, 2020 12:52:16 PM org.openqa.selenium.remote.ProtocolHandshake createSession
INFOS: Detected dialect: W3C
</system-err>
  </testcase>
  <testcase classname="com.crm.qa.testcases.HomePageTest" name="homePageTitleTest" time="0.016"/>
  <testcase classname="com.crm.qa.testcases.HomePageTest" name="verifUserNameTest" time="1.434"/>
  <testcase classname="com.crm.qa.testcases.HomePageTest" name="verifContactslinkTest" time="4.993"/>
  <testcase classname="com.crm.qa.testcases.LoginPageTest" name="loginPageTitleTest" time="0.01"/>
  <testcase classname="com.crm.qa.testcases.LoginPageTest" name="crmLogoImageTest" time="0.085"/>
  <testcase classname="com.crm.qa.testcases.LoginPageTest" name="loginInTest" time="1.571"/>
  <testcase classname="com.crm.qa.testcases.LoginPageTest" name="loginTest" time="7.413"/>
</testsuite>