<?xml version="1.0" encoding="UTF-8"?>
<testng-results skipped="0" failed="0" ignored="0" total="3" passed="3">
  <reporter-output>
  </reporter-output>
  <suite name="Default suite" duration-ms="58291" started-at="2021-08-18T17:42:18 WEST" finished-at="2021-08-18T17:43:16 WEST">
    <groups>
    </groups>
    <test name="Default test" duration-ms="58291" started-at="2021-08-18T17:42:18 WEST" finished-at="2021-08-18T17:43:16 WEST">
      <class name="com.crm.qa.testcases.HomePageTest">
        <test-method status="PASS" signature="setUp()[pri:0, instance:com.crm.qa.testcases.HomePageTest@1563da5]" name="setUp" is-config="true" duration-ms="18754" started-at="2021-08-18T17:42:18 WEST" finished-at="2021-08-18T17:42:37 WEST">
          <reporter-output>
          </reporter-output>
        </test-method> <!-- setUp -->
        <test-method status="PASS" signature="homePageTitleTest()[pri:1, instance:com.crm.qa.testcases.HomePageTest@1563da5]" name="homePageTitleTest" duration-ms="14" started-at="2021-08-18T17:42:37 WEST" finished-at="2021-08-18T17:42:37 WEST">
          <reporter-output>
          </reporter-output>
        </test-method> <!-- homePageTitleTest -->
        <test-method status="PASS" signature="tearDown()[pri:0, instance:com.crm.qa.testcases.HomePageTest@1563da5]" name="tearDown" is-config="true" duration-ms="1459" started-at="2021-08-18T17:42:37 WEST" finished-at="2021-08-18T17:42:38 WEST">
          <reporter-output>
          </reporter-output>
        </test-method> <!-- tearDown -->
        <test-method status="PASS" signature="setUp()[pri:0, instance:com.crm.qa.testcases.HomePageTest@1563da5]" name="setUp" is-config="true" duration-ms="14323" started-at="2021-08-18T17:42:38 WEST" finished-at="2021-08-18T17:42:52 WEST">
          <reporter-output>
          </reporter-output>
        </test-method> <!-- setUp -->
        <test-method status="PASS" signature="verifUserNameTest()[pri:2, instance:com.crm.qa.testcases.HomePageTest@1563da5]" name="verifUserNameTest" duration-ms="1912" started-at="2021-08-18T17:42:52 WEST" finished-at="2021-08-18T17:42:54 WEST">
          <reporter-output>
          </reporter-output>
        </test-method> <!-- verifUserNameTest -->
        <test-method status="PASS" signature="tearDown()[pri:0, instance:com.crm.qa.testcases.HomePageTest@1563da5]" name="tearDown" is-config="true" duration-ms="1055" started-at="2021-08-18T17:42:54 WEST" finished-at="2021-08-18T17:42:55 WEST">
          <reporter-output>
          </reporter-output>
        </test-method> <!-- tearDown -->
        <test-method status="PASS" signature="setUp()[pri:0, instance:com.crm.qa.testcases.HomePageTest@1563da5]" name="setUp" is-config="true" duration-ms="16023" started-at="2021-08-18T17:42:55 WEST" finished-at="2021-08-18T17:43:11 WEST">
          <reporter-output>
          </reporter-output>
        </test-method> <!-- setUp -->
        <test-method status="PASS" signature="verifContactslinkTest()[pri:3, instance:com.crm.qa.testcases.HomePageTest@1563da5]" name="verifContactslinkTest" duration-ms="3847" started-at="2021-08-18T17:43:11 WEST" finished-at="2021-08-18T17:43:15 WEST">
          <reporter-output>
          </reporter-output>
        </test-method> <!-- verifContactslinkTest -->
        <test-method status="PASS" signature="tearDown()[pri:0, instance:com.crm.qa.testcases.HomePageTest@1563da5]" name="tearDown" is-config="true" duration-ms="847" started-at="2021-08-18T17:43:15 WEST" finished-at="2021-08-18T17:43:16 WEST">
          <reporter-output>
          </reporter-output>
        </test-method> <!-- tearDown -->
      </class> <!-- com.crm.qa.testcases.HomePageTest -->
    </test> <!-- Default test -->
  </suite> <!-- Default suite -->
</testng-results>
